<?xml version="1.0" encoding="UTF-8"?>
<!-- Generated by org.testng.reporters.JUnitXMLReporter -->
<testsuite ignored="0" hostname="DESKTOP-0OH831K" failures="0" tests="4" name="Default test" time="3.724" errors="0" timestamp="2024-08-15T00:49:32 EET">
  <testcase classname="homepage.MyTest" name="CheckDefaultLangugeIsEnglish" time="0.089"/>
  <testcase classname="homepage.MyTest" name="CheckDefultCurrency" time="0.038"/>
  <testcase classname="homepage.MyTest" name="CheckContactNumber" time="0.025"/>
  <testcase classname="homepage.MyTest" name="CheckQitafLogo" time="0.049"/>
</testsuite> <!-- Default test -->
