<?xml version="1.0" encoding="UTF-8"?>
<!-- Generated by org.testng.reporters.JUnitXMLReporter -->
<testsuite ignored="0" hostname="DESKTOP-0OH831K" failures="0" tests="8" name="Default test" time="5.12" errors="0" timestamp="2024-08-17T21:20:19 EET">
  <testcase classname="homepage.MyTest" name="CheckDefaultLangugeIsEnglish" time="0.056"/>
  <testcase classname="homepage.MyTest" name="CheckDefultCurrency" time="0.055"/>
  <testcase classname="homepage.MyTest" name="CheckContactNumber" time="0.03"/>
  <testcase classname="homepage.MyTest" name="CheckQitafLogo" time="0.067"/>
  <testcase classname="homepage.MyTest" name="TestHotelTabIsNotSelected" time="0.036"/>
  <testcase classname="homepage.MyTest" name="CheckDepatureAndReturnDate" time="0.087"/>
  <testcase classname="homepage.MyTest" name="RandomlyChangeTheLanguage" time="0.99"/>
  <testcase classname="homepage.MyTest" name="RandomlyChangeSearchForHotels" time="0.265"/>
</testsuite> <!-- Default test -->
