<?xml version="1.0" encoding="UTF-8"?>
<testng-results ignored="0" total="4" passed="4" failed="0" skipped="0">
  <reporter-output>
  </reporter-output>
  <suite started-at="2024-08-15T00:49:29 EET" name="Default suite" finished-at="2024-08-15T00:49:32 EET" duration-ms="3724">
    <groups>
    </groups>
    <test started-at="2024-08-15T00:49:29 EET" name="Default test" finished-at="2024-08-15T00:49:32 EET" duration-ms="3724">
      <class name="homepage.MyTest">
        <test-method is-config="true" signature="mySetUp()[pri:0, instance:homepage.MyTest@757d6814]" started-at="2024-08-15T00:49:29 EET" name="mySetUp" finished-at="2024-08-15T00:49:32 EET" duration-ms="3489" status="PASS">
          <reporter-output>
          </reporter-output>
        </test-method> <!-- mySetUp -->
        <test-method signature="CheckDefaultLangugeIsEnglish()[pri:1, instance:homepage.MyTest@757d6814]" started-at="2024-08-15T00:49:32 EET" name="CheckDefaultLangugeIsEnglish" finished-at="2024-08-15T00:49:32 EET" duration-ms="89" status="PASS">
          <reporter-output>
          </reporter-output>
        </test-method> <!-- CheckDefaultLangugeIsEnglish -->
        <test-method signature="CheckDefultCurrency()[pri:2, instance:homepage.MyTest@757d6814]" started-at="2024-08-15T00:49:32 EET" name="CheckDefultCurrency" finished-at="2024-08-15T00:49:32 EET" duration-ms="38" status="PASS">
          <reporter-output>
          </reporter-output>
        </test-method> <!-- CheckDefultCurrency -->
        <test-method signature="CheckContactNumber()[pri:3, instance:homepage.MyTest@757d6814]" started-at="2024-08-15T00:49:32 EET" name="CheckContactNumber" finished-at="2024-08-15T00:49:32 EET" duration-ms="25" status="PASS">
          <reporter-output>
          </reporter-output>
        </test-method> <!-- CheckContactNumber -->
        <test-method signature="CheckQitafLogo()[pri:4, instance:homepage.MyTest@757d6814]" started-at="2024-08-15T00:49:32 EET" name="CheckQitafLogo" finished-at="2024-08-15T00:49:32 EET" duration-ms="49" status="PASS">
          <reporter-output>
          </reporter-output>
        </test-method> <!-- CheckQitafLogo -->
      </class> <!-- homepage.MyTest -->
    </test> <!-- Default test -->
  </suite> <!-- Default suite -->
</testng-results>
